{
  "stats": {
    "suites": 1,
    "tests": 1,
    "passes": 1,
    "pending": 0,
    "failures": 0,
    "start": "2021-11-17T02:08:50.123Z",
    "end": "2021-11-17T02:09:31.712Z",
    "duration": 41589,
    "testsRegistered": 1,
    "passPercent": 100,
    "pendingPercent": 0,
    "other": 0,
    "hasOther": false,
    "skipped": 0,
    "hasSkipped": false
  },
  "results": [
    {
      "uuid": "97910fc9-cfdc-4e43-9ba4-8eecb72dff57",
      "title": "",
      "fullFile": "cypress/integration/productListTest.js",
      "file": "cypress/integration/productListTest.js",
      "beforeHooks": [],
      "afterHooks": [],
      "tests": [],
      "suites": [
        {
          "uuid": "d7723687-296c-465d-a424-a5f4789271ce",
          "title": "Product List",
          "fullFile": "",
          "file": "",
          "beforeHooks": [],
          "afterHooks": [],
          "tests": [
            {
              "title": "Validate product detail link",
              "fullTitle": "Product List Validate product detail link",
              "timedOut": null,
              "duration": 41506,
              "state": "passed",
              "speed": "slow",
              "pass": true,
              "fail": false,
              "pending": false,
              "context": null,
              "code": "_pages.productsPage.productList.each(product => {\n  let productDetailsLink = product.attr('href');\n  let productTitle = product.attr('title');\n  cy.visit(productDetailsLink).then(() => {\n    _pages.productDetailsPage.breadcrumbProduct.should('include.text', productTitle);\n    _pages.productDetailsPage.productTitle.invoke('text').then(text => {\n      expect(text).to.be.equal(productTitle);\n    });\n    _pages.productDetailsPage.variations.find('[for]').should('have.length', 2).and('be.visible');\n  });\n});",
              "err": {},
              "uuid": "f88d8bb6-b658-4cf1-a763-f3783b9394c1",
              "parentUUID": "d7723687-296c-465d-a424-a5f4789271ce",
              "isHook": false,
              "skipped": false
            }
          ],
          "suites": [],
          "passes": [
            "f88d8bb6-b658-4cf1-a763-f3783b9394c1"
          ],
          "failures": [],
          "pending": [],
          "skipped": [],
          "duration": 41506,
          "root": false,
          "rootEmpty": false,
          "_timeout": 2000
        }
      ],
      "passes": [],
      "failures": [],
      "pending": [],
      "skipped": [],
      "duration": 0,
      "root": true,
      "rootEmpty": true,
      "_timeout": 2000
    }
  ],
  "meta": {
    "mocha": {
      "version": "7.0.1"
    },
    "mochawesome": {
      "options": {
        "quiet": false,
        "reportFilename": "mochawesome",
        "saveHtml": false,
        "saveJson": true,
        "consoleReporter": "spec",
        "useInlineDiffs": false,
        "code": true
      },
      "version": "7.0.1"
    },
    "marge": {
      "options": {
        "reportDir": "cypress/results",
        "overwrite": false,
        "html": false,
        "json": true
      },
      "version": "6.0.1"
    }
  }
}