{
  "stats": {
    "suites": 1,
    "tests": 1,
    "passes": 1,
    "pending": 0,
    "failures": 0,
    "start": "2022-09-08T17:28:32.197Z",
    "end": "2022-09-08T17:28:32.307Z",
    "duration": 110,
    "testsRegistered": 1,
    "passPercent": 100,
    "pendingPercent": 0,
    "other": 0,
    "hasOther": false,
    "skipped": 0,
    "hasSkipped": false
  },
  "results": [
    {
      "uuid": "bd520a7c-cb3a-4f9f-989d-fe8b5d12ffde",
      "title": "",
      "fullFile": "cypress\\e2e\\produtos.spec.cy.js",
      "file": "cypress\\e2e\\produtos.spec.cy.js",
      "beforeHooks": [],
      "afterHooks": [],
      "tests": [],
      "suites": [
        {
          "uuid": "b7660432-c44f-481f-9a72-f5bc0ce8585b",
          "title": "Testes da Funcionalidade Produtos",
          "fullFile": "",
          "file": "",
          "beforeHooks": [],
          "afterHooks": [],
          "tests": [
            {
              "title": "Cadastrar novo produto",
              "fullTitle": "Testes da Funcionalidade Produtos Cadastrar novo produto",
              "timedOut": null,
              "duration": 85,
              "state": "passed",
              "speed": "fast",
              "pass": true,
              "fail": false,
              "pending": false,
              "context": null,
              "code": "cy.cadastrarProduto(token, 'Produto EBAC' + Math.floor(Math.random() * 1000), Math.floor(Math.random() * 100), 'Descrição Produto Novo', Math.floor(Math.random() * 10)).then(response => {\n  expect(response.status).to.equal(201);\n  expect(response.body.message).to.equal(\"Cadastro realizado com sucesso\");\n});",
              "err": {},
              "uuid": "0bdc3099-4b9c-45c3-8a7f-80b5a0e11f2e",
              "parentUUID": "b7660432-c44f-481f-9a72-f5bc0ce8585b",
              "isHook": false,
              "skipped": false
            }
          ],
          "suites": [],
          "passes": [
            "0bdc3099-4b9c-45c3-8a7f-80b5a0e11f2e"
          ],
          "failures": [],
          "pending": [],
          "skipped": [],
          "duration": 85,
          "root": false,
          "rootEmpty": false,
          "_timeout": 2000
        }
      ],
      "passes": [],
      "failures": [],
      "pending": [],
      "skipped": [],
      "duration": 0,
      "root": true,
      "rootEmpty": true,
      "_timeout": 2000
    }
  ],
  "meta": {
    "mocha": {
      "version": "7.0.1"
    },
    "mochawesome": {
      "options": {
        "quiet": false,
        "reportFilename": "mochawesome",
        "saveHtml": false,
        "saveJson": true,
        "consoleReporter": "spec",
        "useInlineDiffs": false,
        "code": true
      },
      "version": "7.1.3"
    },
    "marge": {
      "options": {
        "reportDir": "mochawesome-report",
        "overwrite": false,
        "html": false,
        "json": true
      },
      "version": "6.2.0"
    }
  }
}