{
  "stats": {
    "suites": 1,
    "tests": 1,
    "passes": 1,
    "pending": 0,
    "failures": 0,
    "start": "2022-09-08T17:28:29.631Z",
    "end": "2022-09-08T17:28:29.698Z",
    "duration": 67,
    "testsRegistered": 1,
    "passPercent": 100,
    "pendingPercent": 0,
    "other": 0,
    "hasOther": false,
    "skipped": 0,
    "hasSkipped": false
  },
  "results": [
    {
      "uuid": "46d104ab-334c-4dde-b630-4f75ee4dd0ec",
      "title": "",
      "fullFile": "cypress\\e2e\\login.spec.cy.js",
      "file": "cypress\\e2e\\login.spec.cy.js",
      "beforeHooks": [],
      "afterHooks": [],
      "tests": [],
      "suites": [
        {
          "uuid": "ad800177-2cd2-44bc-a051-a87941a4431c",
          "title": "login - testes da API ServeRest",
          "fullFile": "",
          "file": "",
          "beforeHooks": [],
          "afterHooks": [],
          "tests": [
            {
              "title": "Deve fazer o login com sucesso",
              "fullTitle": "login - testes da API ServeRest Deve fazer o login com sucesso",
              "timedOut": null,
              "duration": 51,
              "state": "passed",
              "speed": "fast",
              "pass": true,
              "fail": false,
              "pending": false,
              "context": null,
              "code": "cy.request({\n  method: 'POST',\n  url: '/login',\n  body: {\n    \"email\": \"fulano@qa.com\",\n    \"password\": \"teste\"\n  }\n}).then(response => {\n  expect(response.status).to.equal(200);\n  expect(response.body.message).to.equal(\"Login realizado com sucesso\");\n  cy.log(response.body.authorization);\n});",
              "err": {},
              "uuid": "4013722b-8bf4-4ed9-9fd5-ac86d8f28591",
              "parentUUID": "ad800177-2cd2-44bc-a051-a87941a4431c",
              "isHook": false,
              "skipped": false
            }
          ],
          "suites": [],
          "passes": [
            "4013722b-8bf4-4ed9-9fd5-ac86d8f28591"
          ],
          "failures": [],
          "pending": [],
          "skipped": [],
          "duration": 51,
          "root": false,
          "rootEmpty": false,
          "_timeout": 2000
        }
      ],
      "passes": [],
      "failures": [],
      "pending": [],
      "skipped": [],
      "duration": 0,
      "root": true,
      "rootEmpty": true,
      "_timeout": 2000
    }
  ],
  "meta": {
    "mocha": {
      "version": "7.0.1"
    },
    "mochawesome": {
      "options": {
        "quiet": false,
        "reportFilename": "mochawesome",
        "saveHtml": false,
        "saveJson": true,
        "consoleReporter": "spec",
        "useInlineDiffs": false,
        "code": true
      },
      "version": "7.1.3"
    },
    "marge": {
      "options": {
        "reportDir": "mochawesome-report",
        "overwrite": false,
        "html": false,
        "json": true
      },
      "version": "6.2.0"
    }
  }
}