{
  "stats": {
    "suites": 3,
    "tests": 1,
    "passes": 0,
    "pending": 0,
    "failures": 1,
    "start": "2023-05-22T12:08:16.210Z",
    "end": "2023-05-22T12:08:23.303Z",
    "duration": 7093,
    "testsRegistered": 1,
    "passPercent": 0,
    "pendingPercent": 0,
    "other": 0,
    "hasOther": false,
    "skipped": 0,
    "hasSkipped": false
  },
  "results": [
    {
      "uuid": "ae1d6073-fc74-4192-ac45-79118ea4a7ff",
      "title": "",
      "fullFile": "cypress\\e2e\\pageObjectsTest.spec.cy.js",
      "file": "cypress\\e2e\\pageObjectsTest.spec.cy.js",
      "beforeHooks": [],
      "afterHooks": [],
      "tests": [],
      "suites": [
        {
          "uuid": "55092eb2-abce-4061-973e-7ae409633b02",
          "title": "Access Login Panel",
          "fullFile": "",
          "file": "",
          "beforeHooks": [],
          "afterHooks": [],
          "tests": [],
          "suites": [
            {
              "uuid": "b3ab73db-9be6-4e63-bbef-863aac78045b",
              "title": "Given i visit the ebac webstore Login page",
              "fullFile": "",
              "file": "",
              "beforeHooks": [],
              "afterHooks": [],
              "tests": [],
              "suites": [
                {
                  "uuid": "71e2536f-b1b9-4ffb-977c-0a809fe89163",
                  "title": "When i enter a new user and new password",
                  "fullFile": "",
                  "file": "",
                  "beforeHooks": [],
                  "afterHooks": [],
                  "tests": [
                    {
                      "title": "Then the admin dashboard page should be visible",
                      "fullTitle": "Access Login Panel Given i visit the ebac webstore Login page When i enter a new user and new password Then the admin dashboard page should be visible",
                      "timedOut": null,
                      "duration": 7045,
                      "state": "failed",
                      "speed": null,
                      "pass": false,
                      "fail": true,
                      "pending": false,
                      "context": null,
                      "code": "dashboardPage.siteName.should(\"be.visible\");",
                      "err": {
                        "message": "AssertionError: Timed out retrying after 4000ms: Expected to find element: `.woocommerce-MyAccount-content > :nth-child(2)`, but never found it.",
                        "estack": "AssertionError: Timed out retrying after 4000ms: Expected to find element: `.woocommerce-MyAccount-content > :nth-child(2)`, but never found it.\n    at Context.eval (webpack:///./cypress/e2e/pageObjectsTest.spec.cy.js:18:31)",
                        "diff": null
                      },
                      "uuid": "e6c2f994-47e8-4640-b84d-38521127ac57",
                      "parentUUID": "71e2536f-b1b9-4ffb-977c-0a809fe89163",
                      "isHook": false,
                      "skipped": false
                    }
                  ],
                  "suites": [],
                  "passes": [],
                  "failures": [
                    "e6c2f994-47e8-4640-b84d-38521127ac57"
                  ],
                  "pending": [],
                  "skipped": [],
                  "duration": 7045,
                  "root": false,
                  "rootEmpty": false,
                  "_timeout": 2000
                }
              ],
              "passes": [],
              "failures": [],
              "pending": [],
              "skipped": [],
              "duration": 0,
              "root": false,
              "rootEmpty": false,
              "_timeout": 2000
            }
          ],
          "passes": [],
          "failures": [],
          "pending": [],
          "skipped": [],
          "duration": 0,
          "root": false,
          "rootEmpty": false,
          "_timeout": 2000
        }
      ],
      "passes": [],
      "failures": [],
      "pending": [],
      "skipped": [],
      "duration": 0,
      "root": true,
      "rootEmpty": true,
      "_timeout": 2000
    }
  ],
  "meta": {
    "mocha": {
      "version": "7.0.1"
    },
    "mochawesome": {
      "options": {
        "quiet": false,
        "reportFilename": "index.html",
        "saveHtml": true,
        "saveJson": true,
        "consoleReporter": "spec",
        "useInlineDiffs": false,
        "code": true
      },
      "version": "7.1.3"
    },
    "marge": {
      "options": {
        "reportDir": "cypress/results",
        "reportFilename": "index.html",
        "overwrite": false,
        "html": true,
        "json": true
      },
      "version": "6.2.0"
    }
  }
}